08-09-2023 22:12:59 - Unknown:  Creation of dynamic property Request::$request is deprecated no arquivo /var/www/html/system/library/request.php na linha 28
08-09-2023 22:12:59 - Unknown:  Creation of dynamic property Session::$config is deprecated no arquivo /var/www/html/system/library/session.php na linha 34
08-09-2023 22:12:59 - Unknown:  Creation of dynamic property Session::$request is deprecated no arquivo /var/www/html/system/library/session.php na linha 35
08-09-2023 22:12:59 - Warning:  Cannot modify header information - headers already sent by (output started at /var/www/html/system/framework.php:44) no arquivo /var/www/html/system/library/session.php na linha 147
08-09-2023 22:12:59 - Unknown:  The Twig_Autoloader class is deprecated since version 1.21 and will be removed in 2.0. Use Composer instead. no arquivo /var/www/html/system/library/template/Twig/Autoloader.php na linha 12
08-09-2023 22:12:59 - Unknown:  Using Twig_Autoloader is deprecated since version 1.21. Use Composer instead. no arquivo /var/www/html/system/library/template/Twig/Autoloader.php na linha 30
08-09-2023 22:12:59 - Unknown:  preg_match(): Passing null to parameter #4 ($flags) of type int is deprecated no arquivo /var/www/html/system/library/template/Twig/Lexer.php na linha 214
08-09-2023 22:12:59 - Unknown:  preg_match(): Passing null to parameter #4 ($flags) of type int is deprecated no arquivo /var/www/html/system/library/template/Twig/Lexer.php na linha 226
08-09-2023 22:12:59 - Unknown:  preg_match(): Passing null to parameter #4 ($flags) of type int is deprecated no arquivo /var/www/html/system/library/template/Twig/Lexer.php na linha 235
08-09-2023 22:12:59 - Unknown:  preg_match(): Passing null to parameter #4 ($flags) of type int is deprecated no arquivo /var/www/html/system/library/template/Twig/Lexer.php na linha 240
08-09-2023 22:12:59 - Unknown:  preg_match(): Passing null to parameter #4 ($flags) of type int is deprecated no arquivo /var/www/html/system/library/template/Twig/Lexer.php na linha 214
08-09-2023 22:12:59 - Unknown:  preg_match(): Passing null to parameter #4 ($flags) of type int is deprecated no arquivo /var/www/html/system/library/template/Twig/Lexer.php na linha 214
08-09-2023 22:12:59 - Unknown:  preg_match(): Passing null to parameter #4 ($flags) of type int is deprecated no arquivo /var/www/html/system/library/template/Twig/Lexer.php na linha 226
08-09-2023 22:12:59 - Unknown:  preg_match(): Passing null to parameter #4 ($flags) of type int is deprecated no arquivo /var/www/html/system/library/template/Twig/Lexer.php na linha 235
08-09-2023 22:12:59 - Unknown:  preg_match(): Passing null to parameter #4 ($flags) of type int is deprecated no arquivo /var/www/html/system/library/template/Twig/Lexer.php na linha 240
08-09-2023 22:12:59 - Unknown:  preg_match(): Passing null to parameter #4 ($flags) of type int is deprecated no arquivo /var/www/html/system/library/template/Twig/Lexer.php na linha 214
08-09-2023 22:12:59 - Unknown:  preg_match(): Passing null to parameter #4 ($flags) of type int is deprecated no arquivo /var/www/html/system/library/template/Twig/Lexer.php na linha 214
08-09-2023 22:12:59 - Unknown:  preg_match(): Passing null to parameter #4 ($flags) of type int is deprecated no arquivo /var/www/html/system/library/template/Twig/Lexer.php na linha 226
08-09-2023 22:12:59 - Unknown:  preg_match(): Passing null to parameter #4 ($flags) of type int is deprecated no arquivo /var/www/html/system/library/template/Twig/Lexer.php na linha 235
08-09-2023 22:12:59 - Unknown:  preg_match(): Passing null to parameter #4 ($flags) of type int is deprecated no arquivo /var/www/html/system/library/template/Twig/Lexer.php na linha 240
08-09-2023 22:12:59 - Unknown:  preg_match(): Passing null to parameter #4 ($flags) of type int is deprecated no arquivo /var/www/html/system/library/template/Twig/Lexer.php na linha 214
08-09-2023 22:12:59 - Unknown:  Return type of Twig_Node::count() should either be compatible with Countable::count(): int, or the #[\ReturnTypeWillChange] attribute should be used to temporarily suppress the notice no arquivo /var/www/html/system/library/template/Twig/Node.php na linha 222
08-09-2023 22:12:59 - Unknown:  Return type of Twig_Node::getIterator() should either be compatible with IteratorAggregate::getIterator(): Traversable, or the #[\ReturnTypeWillChange] attribute should be used to temporarily suppress the notice no arquivo /var/www/html/system/library/template/Twig/Node.php na linha 227
08-09-2023 22:12:59 - Warning:  chmod(): Operation not permitted no arquivo /var/www/html/system/library/template/Twig/Cache/Filesystem.php na linha 70
08-09-2023 22:12:59 - Unknown:  Using Twig_Autoloader is deprecated since version 1.21. Use Composer instead. no arquivo /var/www/html/system/library/template/Twig/Autoloader.php na linha 30
08-09-2023 22:12:59 - Unknown:  preg_match(): Passing null to parameter #4 ($flags) of type int is deprecated no arquivo /var/www/html/system/library/template/Twig/Lexer.php na linha 214
08-09-2023 22:12:59 - Unknown:  preg_match(): Passing null to parameter #4 ($flags) of type int is deprecated no arquivo /var/www/html/system/library/template/Twig/Lexer.php na linha 226
08-09-2023 22:12:59 - Unknown:  preg_match(): Passing null to parameter #4 ($flags) of type int is deprecated no arquivo /var/www/html/system/library/template/Twig/Lexer.php na linha 235
08-09-2023 22:12:59 - Unknown:  preg_match(): Passing null to parameter #4 ($flags) of type int is deprecated no arquivo /var/www/html/system/library/template/Twig/Lexer.php na linha 240
08-09-2023 22:12:59 - Unknown:  preg_match(): Passing null to parameter #4 ($flags) of type int is deprecated no arquivo /var/www/html/system/library/template/Twig/Lexer.php na linha 214
08-09-2023 22:12:59 - Unknown:  preg_match(): Passing null to parameter #4 ($flags) of type int is deprecated no arquivo /var/www/html/system/library/template/Twig/Lexer.php na linha 214
08-09-2023 22:12:59 - Unknown:  preg_match(): Passing null to parameter #4 ($flags) of type int is deprecated no arquivo /var/www/html/system/library/template/Twig/Lexer.php na linha 226
08-09-2023 22:12:59 - Unknown:  preg_match(): Passing null to parameter #4 ($flags) of type int is deprecated no arquivo /var/www/html/system/library/template/Twig/Lexer.php na linha 235
08-09-2023 22:12:59 - Unknown:  preg_match(): Passing null to parameter #4 ($flags) of type int is deprecated no arquivo /var/www/html/system/library/template/Twig/Lexer.php na linha 240
08-09-2023 22:12:59 - Unknown:  preg_match(): Passing null to parameter #4 ($flags) of type int is deprecated no arquivo /var/www/html/system/library/template/Twig/Lexer.php na linha 214
08-09-2023 22:12:59 - Warning:  chmod(): Operation not permitted no arquivo /var/www/html/system/library/template/Twig/Cache/Filesystem.php na linha 70
08-09-2023 22:12:59 - Unknown:  Using Twig_Autoloader is deprecated since version 1.21. Use Composer instead. no arquivo /var/www/html/system/library/template/Twig/Autoloader.php na linha 30
08-09-2023 22:12:59 - Unknown:  preg_match(): Passing null to parameter #4 ($flags) of type int is deprecated no arquivo /var/www/html/system/library/template/Twig/Lexer.php na linha 179
08-09-2023 22:12:59 - Unknown:  preg_match(): Passing null to parameter #4 ($flags) of type int is deprecated no arquivo /var/www/html/system/library/template/Twig/Lexer.php na linha 183
08-09-2023 22:12:59 - Unknown:  preg_match(): Passing null to parameter #4 ($flags) of type int is deprecated no arquivo /var/www/html/system/library/template/Twig/Lexer.php na linha 203
08-09-2023 22:12:59 - Unknown:  preg_match(): Passing null to parameter #4 ($flags) of type int is deprecated no arquivo /var/www/html/system/library/template/Twig/Lexer.php na linha 226
08-09-2023 22:12:59 - Unknown:  preg_match(): Passing null to parameter #4 ($flags) of type int is deprecated no arquivo /var/www/html/system/library/template/Twig/Lexer.php na linha 235
08-09-2023 22:12:59 - Unknown:  preg_match(): Passing null to parameter #4 ($flags) of type int is deprecated no arquivo /var/www/html/system/library/template/Twig/Lexer.php na linha 240
08-09-2023 22:12:59 - Unknown:  preg_match(): Passing null to parameter #4 ($flags) of type int is deprecated no arquivo /var/www/html/system/library/template/Twig/Lexer.php na linha 203
08-09-2023 22:12:59 - Unknown:  preg_match(): Passing null to parameter #4 ($flags) of type int is deprecated no arquivo /var/www/html/system/library/template/Twig/Lexer.php na linha 226
08-09-2023 22:12:59 - Unknown:  preg_match(): Passing null to parameter #4 ($flags) of type int is deprecated no arquivo /var/www/html/system/library/template/Twig/Lexer.php na linha 235
08-09-2023 22:12:59 - Unknown:  preg_match(): Passing null to parameter #4 ($flags) of type int is deprecated no arquivo /var/www/html/system/library/template/Twig/Lexer.php na linha 240
08-09-2023 22:12:59 - Unknown:  preg_match(): Passing null to parameter #4 ($flags) of type int is deprecated no arquivo /var/www/html/system/library/template/Twig/Lexer.php na linha 203
08-09-2023 22:12:59 - Unknown:  preg_match(): Passing null to parameter #4 ($flags) of type int is deprecated no arquivo /var/www/html/system/library/template/Twig/Lexer.php na linha 226
08-09-2023 22:12:59 - Unknown:  preg_match(): Passing null to parameter #4 ($flags) of type int is deprecated no arquivo /var/www/html/system/library/template/Twig/Lexer.php na linha 235
08-09-2023 22:12:59 - Unknown:  preg_match(): Passing null to parameter #4 ($flags) of type int is deprecated no arquivo /var/www/html/system/library/template/Twig/Lexer.php na linha 240
08-09-2023 22:12:59 - Unknown:  preg_match(): Passing null to parameter #4 ($flags) of type int is deprecated no arquivo /var/www/html/system/library/template/Twig/Lexer.php na linha 245
08-09-2023 22:12:59 - Unknown:  preg_match(): Passing null to parameter #4 ($flags) of type int is deprecated no arquivo /var/www/html/system/library/template/Twig/Lexer.php na linha 203
08-09-2023 22:12:59 - Unknown:  preg_match(): Passing null to parameter #4 ($flags) of type int is deprecated no arquivo /var/www/html/system/library/template/Twig/Lexer.php na linha 226
08-09-2023 22:12:59 - Unknown:  preg_match(): Passing null to parameter #4 ($flags) of type int is deprecated no arquivo /var/www/html/system/library/template/Twig/Lexer.php na linha 235
08-09-2023 22:12:59 - Unknown:  preg_match(): Passing null to parameter #4 ($flags) of type int is deprecated no arquivo /var/www/html/system/library/template/Twig/Lexer.php na linha 240
08-09-2023 22:12:59 - Unknown:  preg_match(): Passing null to parameter #4 ($flags) of type int is deprecated no arquivo /var/www/html/system/library/template/Twig/Lexer.php na linha 203
08-09-2023 22:12:59 - Unknown:  preg_match(): Passing null to parameter #4 ($flags) of type int is deprecated no arquivo /var/www/html/system/library/template/Twig/Lexer.php na linha 226
08-09-2023 22:12:59 - Unknown:  preg_match(): Passing null to parameter #4 ($flags) of type int is deprecated no arquivo /var/www/html/system/library/template/Twig/Lexer.php na linha 235
08-09-2023 22:12:59 - Unknown:  preg_match(): Passing null to parameter #4 ($flags) of type int is deprecated no arquivo /var/www/html/system/library/template/Twig/Lexer.php na linha 240
08-09-2023 22:12:59 - Unknown:  preg_match(): Passing null to parameter #4 ($flags) of type int is deprecated no arquivo /var/www/html/system/library/template/Twig/Lexer.php na linha 245
08-09-2023 22:12:59 - Unknown:  preg_match(): Passing null to parameter #4 ($flags) of type int is deprecated no arquivo /var/www/html/system/library/template/Twig/Lexer.php na linha 226
08-09-2023 22:12:59 - Unknown:  preg_match(): Passing null to parameter #4 ($flags) of type int is deprecated no arquivo /var/www/html/system/library/template/Twig/Lexer.php na linha 235
08-09-2023 22:12:59 - Unknown:  preg_match(): Passing null to parameter #4 ($flags) of type int is deprecated no arquivo /var/www/html/system/library/template/Twig/Lexer.php na linha 240
08-09-2023 22:12:59 - Unknown:  preg_match(): Passing null to parameter #4 ($flags) of type int is deprecated no arquivo /var/www/html/system/library/template/Twig/Lexer.php na linha 245
08-09-2023 22:12:59 - Unknown:  preg_match(): Passing null to parameter #4 ($flags) of type int is deprecated no arquivo /var/www/html/system/library/template/Twig/Lexer.php na linha 226
08-09-2023 22:12:59 - Unknown:  preg_match(): Passing null to parameter #4 ($flags) of type int is deprecated no arquivo /var/www/html/system/library/template/Twig/Lexer.php na linha 235
08-09-2023 22:12:59 - Unknown:  preg_match(): Passing null to parameter #4 ($flags) of type int is deprecated no arquivo /var/www/html/system/library/template/Twig/Lexer.php na linha 240
08-09-2023 22:12:59 - Unknown:  preg_match(): Passing null to parameter #4 ($flags) of type int is deprecated no arquivo /var/www/html/system/library/template/Twig/Lexer.php na linha 245
08-09-2023 22:12:59 - Unknown:  preg_match(): Passing null to parameter #4 ($flags) of type int is deprecated no arquivo /var/www/html/system/library/template/Twig/Lexer.php na linha 226
08-09-2023 22:12:59 - Unknown:  preg_match(): Passing null to parameter #4 ($flags) of type int is deprecated no arquivo /var/www/html/system/library/template/Twig/Lexer.php na linha 235
08-09-2023 22:12:59 - Unknown:  preg_match(): Passing null to parameter #4 ($flags) of type int is deprecated no arquivo /var/www/html/system/library/template/Twig/Lexer.php na linha 240
08-09-2023 22:12:59 - Unknown:  preg_match(): Passing null to parameter #4 ($flags) of type int is deprecated no arquivo /var/www/html/system/library/template/Twig/Lexer.php na linha 245
08-09-2023 22:12:59 - Unknown:  preg_match(): Passing null to parameter #4 ($flags) of type int is deprecated no arquivo /var/www/html/system/library/template/Twig/Lexer.php na linha 226
08-09-2023 22:12:59 - Unknown:  preg_match(): Passing null to parameter #4 ($flags) of type int is deprecated no arquivo /var/www/html/system/library/template/Twig/Lexer.php na linha 235
08-09-2023 22:12:59 - Unknown:  preg_match(): Passing null to parameter #4 ($flags) of type int is deprecated no arquivo /var/www/html/system/library/template/Twig/Lexer.php na linha 240
08-09-2023 22:12:59 - Unknown:  preg_match(): Passing null to parameter #4 ($flags) of type int is deprecated no arquivo /var/www/html/system/library/template/Twig/Lexer.php na linha 245
08-09-2023 22:12:59 - Unknown:  preg_match(): Passing null to parameter #4 ($flags) of type int is deprecated no arquivo /var/www/html/system/library/template/Twig/Lexer.php na linha 203
08-09-2023 22:12:59 - Unknown:  preg_match(): Passing null to parameter #4 ($flags) of type int is deprecated no arquivo /var/www/html/system/library/template/Twig/Lexer.php na linha 226
08-09-2023 22:12:59 - Unknown:  preg_match(): Passing null to parameter #4 ($flags) of type int is deprecated no arquivo /var/www/html/system/library/template/Twig/Lexer.php na linha 235
08-09-2023 22:12:59 - Unknown:  preg_match(): Passing null to parameter #4 ($flags) of type int is deprecated no arquivo /var/www/html/system/library/template/Twig/Lexer.php na linha 203
08-09-2023 22:12:59 - Unknown:  preg_match(): Passing null to parameter #4 ($flags) of type int is deprecated no arquivo /var/www/html/system/library/template/Twig/Lexer.php na linha 226
08-09-2023 22:12:59 - Unknown:  preg_match(): Passing null to parameter #4 ($flags) of type int is deprecated no arquivo /var/www/html/system/library/template/Twig/Lexer.php na linha 235
08-09-2023 22:12:59 - Unknown:  preg_match(): Passing null to parameter #4 ($flags) of type int is deprecated no arquivo /var/www/html/system/library/template/Twig/Lexer.php na linha 240
08-09-2023 22:12:59 - Unknown:  preg_match(): Passing null to parameter #4 ($flags) of type int is deprecated no arquivo /var/www/html/system/library/template/Twig/Lexer.php na linha 245
08-09-2023 22:12:59 - Unknown:  preg_match(): Passing null to parameter #4 ($flags) of type int is deprecated no arquivo /var/www/html/system/library/template/Twig/Lexer.php na linha 275
08-09-2023 22:12:59 - Unknown:  preg_match(): Passing null to parameter #4 ($flags) of type int is deprecated no arquivo /var/www/html/system/library/template/Twig/Lexer.php na linha 203
08-09-2023 22:12:59 - Unknown:  preg_match(): Passing null to parameter #4 ($flags) of type int is deprecated no arquivo /var/www/html/system/library/template/Twig/Lexer.php na linha 179
08-09-2023 22:12:59 - Unknown:  preg_match(): Passing null to parameter #4 ($flags) of type int is deprecated no arquivo /var/www/html/system/library/template/Twig/Lexer.php na linha 183
08-09-2023 22:12:59 - Unknown:  preg_match(): Passing null to parameter #4 ($flags) of type int is deprecated no arquivo /var/www/html/system/library/template/Twig/Lexer.php na linha 203
08-09-2023 22:12:59 - Unknown:  preg_match(): Passing null to parameter #4 ($flags) of type int is deprecated no arquivo /var/www/html/system/library/template/Twig/Lexer.php na linha 226
08-09-2023 22:12:59 - Unknown:  preg_match(): Passing null to parameter #4 ($flags) of type int is deprecated no arquivo /var/www/html/system/library/template/Twig/Lexer.php na linha 235
08-09-2023 22:12:59 - Unknown:  preg_match(): Passing null to parameter #4 ($flags) of type int is deprecated no arquivo /var/www/html/system/library/template/Twig/Lexer.php na linha 240
08-09-2023 22:12:59 - Unknown:  preg_match(): Passing null to parameter #4 ($flags) of type int is deprecated no arquivo /var/www/html/system/library/template/Twig/Lexer.php na linha 203
08-09-2023 22:12:59 - Unknown:  preg_match(): Passing null to parameter #4 ($flags) of type int is deprecated no arquivo /var/www/html/system/library/template/Twig/Lexer.php na linha 226
08-09-2023 22:12:59 - Unknown:  preg_match(): Passing null to parameter #4 ($flags) of type int is deprecated no arquivo /var/www/html/system/library/template/Twig/Lexer.php na linha 235
08-09-2023 22:12:59 - Unknown:  preg_match(): Passing null to parameter #4 ($flags) of type int is deprecated no arquivo /var/www/html/system/library/template/Twig/Lexer.php na linha 240
08-09-2023 22:12:59 - Unknown:  preg_match(): Passing null to parameter #4 ($flags) of type int is deprecated no arquivo /var/www/html/system/library/template/Twig/Lexer.php na linha 203
08-09-2023 22:12:59 - Unknown:  preg_match(): Passing null to parameter #4 ($flags) of type int is deprecated no arquivo /var/www/html/system/library/template/Twig/Lexer.php na linha 226
08-09-2023 22:12:59 - Unknown:  preg_match(): Passing null to parameter #4 ($flags) of type int is deprecated no arquivo /var/www/html/system/library/template/Twig/Lexer.php na linha 235
08-09-2023 22:12:59 - Unknown:  preg_match(): Passing null to parameter #4 ($flags) of type int is deprecated no arquivo /var/www/html/system/library/template/Twig/Lexer.php na linha 203
08-09-2023 22:12:59 - Unknown:  preg_match(): Passing null to parameter #4 ($flags) of type int is deprecated no arquivo /var/www/html/system/library/template/Twig/Lexer.php na linha 226
08-09-2023 22:12:59 - Unknown:  preg_match(): Passing null to parameter #4 ($flags) of type int is deprecated no arquivo /var/www/html/system/library/template/Twig/Lexer.php na linha 235
08-09-2023 22:12:59 - Unknown:  preg_match(): Passing null to parameter #4 ($flags) of type int is deprecated no arquivo /var/www/html/system/library/template/Twig/Lexer.php na linha 240
08-09-2023 22:12:59 - Unknown:  preg_match(): Passing null to parameter #4 ($flags) of type int is deprecated no arquivo /var/www/html/system/library/template/Twig/Lexer.php na linha 245
08-09-2023 22:12:59 - Unknown:  preg_match(): Passing null to parameter #4 ($flags) of type int is deprecated no arquivo /var/www/html/system/library/template/Twig/Lexer.php na linha 275
08-09-2023 22:12:59 - Unknown:  preg_match(): Passing null to parameter #4 ($flags) of type int is deprecated no arquivo /var/www/html/system/library/template/Twig/Lexer.php na linha 203
08-09-2023 22:12:59 - Unknown:  preg_match(): Passing null to parameter #4 ($flags) of type int is deprecated no arquivo /var/www/html/system/library/template/Twig/Lexer.php na linha 214
08-09-2023 22:12:59 - Unknown:  preg_match(): Passing null to parameter #4 ($flags) of type int is deprecated no arquivo /var/www/html/system/library/template/Twig/Lexer.php na linha 226
08-09-2023 22:12:59 - Unknown:  preg_match(): Passing null to parameter #4 ($flags) of type int is deprecated no arquivo /var/www/html/system/library/template/Twig/Lexer.php na linha 235
08-09-2023 22:12:59 - Unknown:  preg_match(): Passing null to parameter #4 ($flags) of type int is deprecated no arquivo /var/www/html/system/library/template/Twig/Lexer.php na linha 240
08-09-2023 22:12:59 - Unknown:  preg_match(): Passing null to parameter #4 ($flags) of type int is deprecated no arquivo /var/www/html/system/library/template/Twig/Lexer.php na linha 214
08-09-2023 22:12:59 - Unknown:  preg_match(): Passing null to parameter #4 ($flags) of type int is deprecated no arquivo /var/www/html/system/library/template/Twig/Lexer.php na linha 179
08-09-2023 22:12:59 - Unknown:  preg_match(): Passing null to parameter #4 ($flags) of type int is deprecated no arquivo /var/www/html/system/library/template/Twig/Lexer.php na linha 183
08-09-2023 22:12:59 - Unknown:  preg_match(): Passing null to parameter #4 ($flags) of type int is deprecated no arquivo /var/www/html/system/library/template/Twig/Lexer.php na linha 203
08-09-2023 22:12:59 - Unknown:  preg_match(): Passing null to parameter #4 ($flags) of type int is deprecated no arquivo /var/www/html/system/library/template/Twig/Lexer.php na linha 226
08-09-2023 22:12:59 - Unknown:  preg_match(): Passing null to parameter #4 ($flags) of type int is deprecated no arquivo /var/www/html/system/library/template/Twig/Lexer.php na linha 235
08-09-2023 22:12:59 - Unknown:  preg_match(): Passing null to parameter #4 ($flags) of type int is deprecated no arquivo /var/www/html/system/library/template/Twig/Lexer.php na linha 240
08-09-2023 22:12:59 - Unknown:  preg_match(): Passing null to parameter #4 ($flags) of type int is deprecated no arquivo /var/www/html/system/library/template/Twig/Lexer.php na linha 203
08-09-2023 22:12:59 - Unknown:  preg_match(): Passing null to parameter #4 ($flags) of type int is deprecated no arquivo /var/www/html/system/library/template/Twig/Lexer.php na linha 214
08-09-2023 22:12:59 - Unknown:  preg_match(): Passing null to parameter #4 ($flags) of type int is deprecated no arquivo /var/www/html/system/library/template/Twig/Lexer.php na linha 226
08-09-2023 22:12:59 - Unknown:  preg_match(): Passing null to parameter #4 ($flags) of type int is deprecated no arquivo /var/www/html/system/library/template/Twig/Lexer.php na linha 235
08-09-2023 22:12:59 - Unknown:  preg_match(): Passing null to parameter #4 ($flags) of type int is deprecated no arquivo /var/www/html/system/library/template/Twig/Lexer.php na linha 240
08-09-2023 22:12:59 - Unknown:  preg_match(): Passing null to parameter #4 ($flags) of type int is deprecated no arquivo /var/www/html/system/library/template/Twig/Lexer.php na linha 214
08-09-2023 22:12:59 - Unknown:  preg_match(): Passing null to parameter #4 ($flags) of type int is deprecated no arquivo /var/www/html/system/library/template/Twig/Lexer.php na linha 179
08-09-2023 22:12:59 - Unknown:  preg_match(): Passing null to parameter #4 ($flags) of type int is deprecated no arquivo /var/www/html/system/library/template/Twig/Lexer.php na linha 183
08-09-2023 22:12:59 - Unknown:  preg_match(): Passing null to parameter #4 ($flags) of type int is deprecated no arquivo /var/www/html/system/library/template/Twig/Lexer.php na linha 203
08-09-2023 22:12:59 - Unknown:  preg_match(): Passing null to parameter #4 ($flags) of type int is deprecated no arquivo /var/www/html/system/library/template/Twig/Lexer.php na linha 226
08-09-2023 22:12:59 - Unknown:  preg_match(): Passing null to parameter #4 ($flags) of type int is deprecated no arquivo /var/www/html/system/library/template/Twig/Lexer.php na linha 235
08-09-2023 22:12:59 - Unknown:  preg_match(): Passing null to parameter #4 ($flags) of type int is deprecated no arquivo /var/www/html/system/library/template/Twig/Lexer.php na linha 240
08-09-2023 22:12:59 - Unknown:  preg_match(): Passing null to parameter #4 ($flags) of type int is deprecated no arquivo /var/www/html/system/library/template/Twig/Lexer.php na linha 203
08-09-2023 22:12:59 - Unknown:  preg_match(): Passing null to parameter #4 ($flags) of type int is deprecated no arquivo /var/www/html/system/library/template/Twig/Lexer.php na linha 179
08-09-2023 22:12:59 - Unknown:  preg_match(): Passing null to parameter #4 ($flags) of type int is deprecated no arquivo /var/www/html/system/library/template/Twig/Lexer.php na linha 183
08-09-2023 22:12:59 - Unknown:  preg_match(): Passing null to parameter #4 ($flags) of type int is deprecated no arquivo /var/www/html/system/library/template/Twig/Lexer.php na linha 203
08-09-2023 22:12:59 - Unknown:  preg_match(): Passing null to parameter #4 ($flags) of type int is deprecated no arquivo /var/www/html/system/library/template/Twig/Lexer.php na linha 226
08-09-2023 22:12:59 - Unknown:  preg_match(): Passing null to parameter #4 ($flags) of type int is deprecated no arquivo /var/www/html/system/library/template/Twig/Lexer.php na linha 235
08-09-2023 22:12:59 - Unknown:  preg_match(): Passing null to parameter #4 ($flags) of type int is deprecated no arquivo /var/www/html/system/library/template/Twig/Lexer.php na linha 240
08-09-2023 22:12:59 - Unknown:  preg_match(): Passing null to parameter #4 ($flags) of type int is deprecated no arquivo /var/www/html/system/library/template/Twig/Lexer.php na linha 203
08-09-2023 22:12:59 - Unknown:  preg_match(): Passing null to parameter #4 ($flags) of type int is deprecated no arquivo /var/www/html/system/library/template/Twig/Lexer.php na linha 226
08-09-2023 22:12:59 - Unknown:  preg_match(): Passing null to parameter #4 ($flags) of type int is deprecated no arquivo /var/www/html/system/library/template/Twig/Lexer.php na linha 235
08-09-2023 22:12:59 - Unknown:  preg_match(): Passing null to parameter #4 ($flags) of type int is deprecated no arquivo /var/www/html/system/library/template/Twig/Lexer.php na linha 240
08-09-2023 22:12:59 - Unknown:  preg_match(): Passing null to parameter #4 ($flags) of type int is deprecated no arquivo /var/www/html/system/library/template/Twig/Lexer.php na linha 203
08-09-2023 22:12:59 - Unknown:  preg_match(): Passing null to parameter #4 ($flags) of type int is deprecated no arquivo /var/www/html/system/library/template/Twig/Lexer.php na linha 226
08-09-2023 22:12:59 - Unknown:  preg_match(): Passing null to parameter #4 ($flags) of type int is deprecated no arquivo /var/www/html/system/library/template/Twig/Lexer.php na linha 235
08-09-2023 22:12:59 - Unknown:  preg_match(): Passing null to parameter #4 ($flags) of type int is deprecated no arquivo /var/www/html/system/library/template/Twig/Lexer.php na linha 203
08-09-2023 22:12:59 - Unknown:  preg_match(): Passing null to parameter #4 ($flags) of type int is deprecated no arquivo /var/www/html/system/library/template/Twig/Lexer.php na linha 226
08-09-2023 22:12:59 - Unknown:  preg_match(): Passing null to parameter #4 ($flags) of type int is deprecated no arquivo /var/www/html/system/library/template/Twig/Lexer.php na linha 235
08-09-2023 22:12:59 - Unknown:  preg_match(): Passing null to parameter #4 ($flags) of type int is deprecated no arquivo /var/www/html/system/library/template/Twig/Lexer.php na linha 240
08-09-2023 22:12:59 - Unknown:  preg_match(): Passing null to parameter #4 ($flags) of type int is deprecated no arquivo /var/www/html/system/library/template/Twig/Lexer.php na linha 245
08-09-2023 22:12:59 - Unknown:  preg_match(): Passing null to parameter #4 ($flags) of type int is deprecated no arquivo /var/www/html/system/library/template/Twig/Lexer.php na linha 275
08-09-2023 22:12:59 - Unknown:  preg_match(): Passing null to parameter #4 ($flags) of type int is deprecated no arquivo /var/www/html/system/library/template/Twig/Lexer.php na linha 203
08-09-2023 22:12:59 - Unknown:  preg_match(): Passing null to parameter #4 ($flags) of type int is deprecated no arquivo /var/www/html/system/library/template/Twig/Lexer.php na linha 214
08-09-2023 22:12:59 - Unknown:  preg_match(): Passing null to parameter #4 ($flags) of type int is deprecated no arquivo /var/www/html/system/library/template/Twig/Lexer.php na linha 226
08-09-2023 22:12:59 - Unknown:  preg_match(): Passing null to parameter #4 ($flags) of type int is deprecated no arquivo /var/www/html/system/library/template/Twig/Lexer.php na linha 235
08-09-2023 22:12:59 - Unknown:  preg_match(): Passing null to parameter #4 ($flags) of type int is deprecated no arquivo /var/www/html/system/library/template/Twig/Lexer.php na linha 240
08-09-2023 22:12:59 - Unknown:  preg_match(): Passing null to parameter #4 ($flags) of type int is deprecated no arquivo /var/www/html/system/library/template/Twig/Lexer.php na linha 214
08-09-2023 22:12:59 - Unknown:  preg_match(): Passing null to parameter #4 ($flags) of type int is deprecated no arquivo /var/www/html/system/library/template/Twig/Lexer.php na linha 179
08-09-2023 22:12:59 - Unknown:  preg_match(): Passing null to parameter #4 ($flags) of type int is deprecated no arquivo /var/www/html/system/library/template/Twig/Lexer.php na linha 183
08-09-2023 22:12:59 - Unknown:  preg_match(): Passing null to parameter #4 ($flags) of type int is deprecated no arquivo /var/www/html/system/library/template/Twig/Lexer.php na linha 203
08-09-2023 22:12:59 - Unknown:  preg_match(): Passing null to parameter #4 ($flags) of type int is deprecated no arquivo /var/www/html/system/library/template/Twig/Lexer.php na linha 226
08-09-2023 22:12:59 - Unknown:  preg_match(): Passing null to parameter #4 ($flags) of type int is deprecated no arquivo /var/www/html/system/library/template/Twig/Lexer.php na linha 235
08-09-2023 22:12:59 - Unknown:  preg_match(): Passing null to parameter #4 ($flags) of type int is deprecated no arquivo /var/www/html/system/library/template/Twig/Lexer.php na linha 240
08-09-2023 22:12:59 - Unknown:  preg_match(): Passing null to parameter #4 ($flags) of type int is deprecated no arquivo /var/www/html/system/library/template/Twig/Lexer.php na linha 203
08-09-2023 22:12:59 - Unknown:  preg_match(): Passing null to parameter #4 ($flags) of type int is deprecated no arquivo /var/www/html/system/library/template/Twig/Lexer.php na linha 214
08-09-2023 22:12:59 - Unknown:  preg_match(): Passing null to parameter #4 ($flags) of type int is deprecated no arquivo /var/www/html/system/library/template/Twig/Lexer.php na linha 226
08-09-2023 22:12:59 - Unknown:  preg_match(): Passing null to parameter #4 ($flags) of type int is deprecated no arquivo /var/www/html/system/library/template/Twig/Lexer.php na linha 235
08-09-2023 22:12:59 - Unknown:  preg_match(): Passing null to parameter #4 ($flags) of type int is deprecated no arquivo /var/www/html/system/library/template/Twig/Lexer.php na linha 240
08-09-2023 22:12:59 - Unknown:  preg_match(): Passing null to parameter #4 ($flags) of type int is deprecated no arquivo /var/www/html/system/library/template/Twig/Lexer.php na linha 214
08-09-2023 22:12:59 - Unknown:  preg_match(): Passing null to parameter #4 ($flags) of type int is deprecated no arquivo /var/www/html/system/library/template/Twig/Lexer.php na linha 179
08-09-2023 22:12:59 - Unknown:  preg_match(): Passing null to parameter #4 ($flags) of type int is deprecated no arquivo /var/www/html/system/library/template/Twig/Lexer.php na linha 183
08-09-2023 22:12:59 - Unknown:  preg_match(): Passing null to parameter #4 ($flags) of type int is deprecated no arquivo /var/www/html/system/library/template/Twig/Lexer.php na linha 203
08-09-2023 22:12:59 - Unknown:  preg_match(): Passing null to parameter #4 ($flags) of type int is deprecated no arquivo /var/www/html/system/library/template/Twig/Lexer.php na linha 226
08-09-2023 22:12:59 - Unknown:  preg_match(): Passing null to parameter #4 ($flags) of type int is deprecated no arquivo /var/www/html/system/library/template/Twig/Lexer.php na linha 235
08-09-2023 22:12:59 - Unknown:  preg_match(): Passing null to parameter #4 ($flags) of type int is deprecated no arquivo /var/www/html/system/library/template/Twig/Lexer.php na linha 240
08-09-2023 22:12:59 - Unknown:  preg_match(): Passing null to parameter #4 ($flags) of type int is deprecated no arquivo /var/www/html/system/library/template/Twig/Lexer.php na linha 203
08-09-2023 22:12:59 - Unknown:  preg_match(): Passing null to parameter #4 ($flags) of type int is deprecated no arquivo /var/www/html/system/library/template/Twig/Lexer.php na linha 179
08-09-2023 22:12:59 - Unknown:  preg_match(): Passing null to parameter #4 ($flags) of type int is deprecated no arquivo /var/www/html/system/library/template/Twig/Lexer.php na linha 183
08-09-2023 22:12:59 - Unknown:  preg_match(): Passing null to parameter #4 ($flags) of type int is deprecated no arquivo /var/www/html/system/library/template/Twig/Lexer.php na linha 203
08-09-2023 22:12:59 - Unknown:  preg_match(): Passing null to parameter #4 ($flags) of type int is deprecated no arquivo /var/www/html/system/library/template/Twig/Lexer.php na linha 226
08-09-2023 22:12:59 - Unknown:  preg_match(): Passing null to parameter #4 ($flags) of type int is deprecated no arquivo /var/www/html/system/library/template/Twig/Lexer.php na linha 235
08-09-2023 22:12:59 - Unknown:  preg_match(): Passing null to parameter #4 ($flags) of type int is deprecated no arquivo /var/www/html/system/library/template/Twig/Lexer.php na linha 240
08-09-2023 22:12:59 - Unknown:  preg_match(): Passing null to parameter #4 ($flags) of type int is deprecated no arquivo /var/www/html/system/library/template/Twig/Lexer.php na linha 203
08-09-2023 22:12:59 - Unknown:  preg_match(): Passing null to parameter #4 ($flags) of type int is deprecated no arquivo /var/www/html/system/library/template/Twig/Lexer.php na linha 226
08-09-2023 22:12:59 - Unknown:  preg_match(): Passing null to parameter #4 ($flags) of type int is deprecated no arquivo /var/www/html/system/library/template/Twig/Lexer.php na linha 235
08-09-2023 22:12:59 - Unknown:  preg_match(): Passing null to parameter #4 ($flags) of type int is deprecated no arquivo /var/www/html/system/library/template/Twig/Lexer.php na linha 240
08-09-2023 22:12:59 - Unknown:  preg_match(): Passing null to parameter #4 ($flags) of type int is deprecated no arquivo /var/www/html/system/library/template/Twig/Lexer.php na linha 203
08-09-2023 22:12:59 - Unknown:  preg_match(): Passing null to parameter #4 ($flags) of type int is deprecated no arquivo /var/www/html/system/library/template/Twig/Lexer.php na linha 226
08-09-2023 22:12:59 - Unknown:  preg_match(): Passing null to parameter #4 ($flags) of type int is deprecated no arquivo /var/www/html/system/library/template/Twig/Lexer.php na linha 235
08-09-2023 22:12:59 - Unknown:  preg_match(): Passing null to parameter #4 ($flags) of type int is deprecated no arquivo /var/www/html/system/library/template/Twig/Lexer.php na linha 203
08-09-2023 22:12:59 - Unknown:  preg_match(): Passing null to parameter #4 ($flags) of type int is deprecated no arquivo /var/www/html/system/library/template/Twig/Lexer.php na linha 226
08-09-2023 22:12:59 - Unknown:  preg_match(): Passing null to parameter #4 ($flags) of type int is deprecated no arquivo /var/www/html/system/library/template/Twig/Lexer.php na linha 235
08-09-2023 22:12:59 - Unknown:  preg_match(): Passing null to parameter #4 ($flags) of type int is deprecated no arquivo /var/www/html/system/library/template/Twig/Lexer.php na linha 240
08-09-2023 22:12:59 - Unknown:  preg_match(): Passing null to parameter #4 ($flags) of type int is deprecated no arquivo /var/www/html/system/library/template/Twig/Lexer.php na linha 245
08-09-2023 22:12:59 - Unknown:  preg_match(): Passing null to parameter #4 ($flags) of type int is deprecated no arquivo /var/www/html/system/library/template/Twig/Lexer.php na linha 275
08-09-2023 22:12:59 - Unknown:  preg_match(): Passing null to parameter #4 ($flags) of type int is deprecated no arquivo /var/www/html/system/library/template/Twig/Lexer.php na linha 203
08-09-2023 22:12:59 - Unknown:  preg_match(): Passing null to parameter #4 ($flags) of type int is deprecated no arquivo /var/www/html/system/library/template/Twig/Lexer.php na linha 214
08-09-2023 22:12:59 - Unknown:  preg_match(): Passing null to parameter #4 ($flags) of type int is deprecated no arquivo /var/www/html/system/library/template/Twig/Lexer.php na linha 226
08-09-2023 22:12:59 - Unknown:  preg_match(): Passing null to parameter #4 ($flags) of type int is deprecated no arquivo /var/www/html/system/library/template/Twig/Lexer.php na linha 235
08-09-2023 22:12:59 - Unknown:  preg_match(): Passing null to parameter #4 ($flags) of type int is deprecated no arquivo /var/www/html/system/library/template/Twig/Lexer.php na linha 240
08-09-2023 22:12:59 - Unknown:  preg_match(): Passing null to parameter #4 ($flags) of type int is deprecated no arquivo /var/www/html/system/library/template/Twig/Lexer.php na linha 214
08-09-2023 22:12:59 - Unknown:  preg_match(): Passing null to parameter #4 ($flags) of type int is deprecated no arquivo /var/www/html/system/library/template/Twig/Lexer.php na linha 179
08-09-2023 22:12:59 - Unknown:  preg_match(): Passing null to parameter #4 ($flags) of type int is deprecated no arquivo /var/www/html/system/library/template/Twig/Lexer.php na linha 183
08-09-2023 22:12:59 - Unknown:  preg_match(): Passing null to parameter #4 ($flags) of type int is deprecated no arquivo /var/www/html/system/library/template/Twig/Lexer.php na linha 203
08-09-2023 22:12:59 - Unknown:  preg_match(): Passing null to parameter #4 ($flags) of type int is deprecated no arquivo /var/www/html/system/library/template/Twig/Lexer.php na linha 226
08-09-2023 22:12:59 - Unknown:  preg_match(): Passing null to parameter #4 ($flags) of type int is deprecated no arquivo /var/www/html/system/library/template/Twig/Lexer.php na linha 235
08-09-2023 22:12:59 - Unknown:  preg_match(): Passing null to parameter #4 ($flags) of type int is deprecated no arquivo /var/www/html/system/library/template/Twig/Lexer.php na linha 240
08-09-2023 22:12:59 - Unknown:  preg_match(): Passing null to parameter #4 ($flags) of type int is deprecated no arquivo /var/www/html/system/library/template/Twig/Lexer.php na linha 203
08-09-2023 22:12:59 - Unknown:  preg_match(): Passing null to parameter #4 ($flags) of type int is deprecated no arquivo /var/www/html/system/library/template/Twig/Lexer.php na linha 214
08-09-2023 22:12:59 - Unknown:  preg_match(): Passing null to parameter #4 ($flags) of type int is deprecated no arquivo /var/www/html/system/library/template/Twig/Lexer.php na linha 226
08-09-2023 22:12:59 - Unknown:  preg_match(): Passing null to parameter #4 ($flags) of type int is deprecated no arquivo /var/www/html/system/library/template/Twig/Lexer.php na linha 235
08-09-2023 22:12:59 - Unknown:  preg_match(): Passing null to parameter #4 ($flags) of type int is deprecated no arquivo /var/www/html/system/library/template/Twig/Lexer.php na linha 240
08-09-2023 22:12:59 - Unknown:  preg_match(): Passing null to parameter #4 ($flags) of type int is deprecated no arquivo /var/www/html/system/library/template/Twig/Lexer.php na linha 214
08-09-2023 22:12:59 - Unknown:  preg_match(): Passing null to parameter #4 ($flags) of type int is deprecated no arquivo /var/www/html/system/library/template/Twig/Lexer.php na linha 179
08-09-2023 22:12:59 - Unknown:  preg_match(): Passing null to parameter #4 ($flags) of type int is deprecated no arquivo /var/www/html/system/library/template/Twig/Lexer.php na linha 183
08-09-2023 22:12:59 - Unknown:  preg_match(): Passing null to parameter #4 ($flags) of type int is deprecated no arquivo /var/www/html/system/library/template/Twig/Lexer.php na linha 203
08-09-2023 22:12:59 - Unknown:  preg_match(): Passing null to parameter #4 ($flags) of type int is deprecated no arquivo /var/www/html/system/library/template/Twig/Lexer.php na linha 226
08-09-2023 22:12:59 - Unknown:  preg_match(): Passing null to parameter #4 ($flags) of type int is deprecated no arquivo /var/www/html/system/library/template/Twig/Lexer.php na linha 235
08-09-2023 22:12:59 - Unknown:  preg_match(): Passing null to parameter #4 ($flags) of type int is deprecated no arquivo /var/www/html/system/library/template/Twig/Lexer.php na linha 240
08-09-2023 22:12:59 - Unknown:  preg_match(): Passing null to parameter #4 ($flags) of type int is deprecated no arquivo /var/www/html/system/library/template/Twig/Lexer.php na linha 203
08-09-2023 22:12:59 - Unknown:  preg_match(): Passing null to parameter #4 ($flags) of type int is deprecated no arquivo /var/www/html/system/library/template/Twig/Lexer.php na linha 179
08-09-2023 22:12:59 - Unknown:  preg_match(): Passing null to parameter #4 ($flags) of type int is deprecated no arquivo /var/www/html/system/library/template/Twig/Lexer.php na linha 183
08-09-2023 22:12:59 - Unknown:  preg_match(): Passing null to parameter #4 ($flags) of type int is deprecated no arquivo /var/www/html/system/library/template/Twig/Lexer.php na linha 203
08-09-2023 22:12:59 - Unknown:  preg_match(): Passing null to parameter #4 ($flags) of type int is deprecated no arquivo /var/www/html/system/library/template/Twig/Lexer.php na linha 226
08-09-2023 22:12:59 - Unknown:  preg_match(): Passing null to parameter #4 ($flags) of type int is deprecated no arquivo /var/www/html/system/library/template/Twig/Lexer.php na linha 235
08-09-2023 22:12:59 - Unknown:  preg_match(): Passing null to parameter #4 ($flags) of type int is deprecated no arquivo /var/www/html/system/library/template/Twig/Lexer.php na linha 240
08-09-2023 22:12:59 - Unknown:  preg_match(): Passing null to parameter #4 ($flags) of type int is deprecated no arquivo /var/www/html/system/library/template/Twig/Lexer.php na linha 203
08-09-2023 22:12:59 - Unknown:  preg_match(): Passing null to parameter #4 ($flags) of type int is deprecated no arquivo /var/www/html/system/library/template/Twig/Lexer.php na linha 179
08-09-2023 22:12:59 - Unknown:  preg_match(): Passing null to parameter #4 ($flags) of type int is deprecated no arquivo /var/www/html/system/library/template/Twig/Lexer.php na linha 183
08-09-2023 22:12:59 - Unknown:  preg_match(): Passing null to parameter #4 ($flags) of type int is deprecated no arquivo /var/www/html/system/library/template/Twig/Lexer.php na linha 203
08-09-2023 22:12:59 - Unknown:  preg_match(): Passing null to parameter #4 ($flags) of type int is deprecated no arquivo /var/www/html/system/library/template/Twig/Lexer.php na linha 226
08-09-2023 22:12:59 - Unknown:  preg_match(): Passing null to parameter #4 ($flags) of type int is deprecated no arquivo /var/www/html/system/library/template/Twig/Lexer.php na linha 235
08-09-2023 22:12:59 - Unknown:  preg_match(): Passing null to parameter #4 ($flags) of type int is deprecated no arquivo /var/www/html/system/library/template/Twig/Lexer.php na linha 240
08-09-2023 22:12:59 - Unknown:  preg_match(): Passing null to parameter #4 ($flags) of type int is deprecated no arquivo /var/www/html/system/library/template/Twig/Lexer.php na linha 203
08-09-2023 22:12:59 - Unknown:  preg_match(): Passing null to parameter #4 ($flags) of type int is deprecated no arquivo /var/www/html/system/library/template/Twig/Lexer.php na linha 226
08-09-2023 22:12:59 - Unknown:  preg_match(): Passing null to parameter #4 ($flags) of type int is deprecated no arquivo /var/www/html/system/library/template/Twig/Lexer.php na linha 235
08-09-2023 22:12:59 - Unknown:  preg_match(): Passing null to parameter #4 ($flags) of type int is deprecated no arquivo /var/www/html/system/library/template/Twig/Lexer.php na linha 240
08-09-2023 22:12:59 - Unknown:  preg_match(): Passing null to parameter #4 ($flags) of type int is deprecated no arquivo /var/www/html/system/library/template/Twig/Lexer.php na linha 203
08-09-2023 22:12:59 - Unknown:  preg_match(): Passing null to parameter #4 ($flags) of type int is deprecated no arquivo /var/www/html/system/library/template/Twig/Lexer.php na linha 226
08-09-2023 22:12:59 - Unknown:  preg_match(): Passing null to parameter #4 ($flags) of type int is deprecated no arquivo /var/www/html/system/library/template/Twig/Lexer.php na linha 235
08-09-2023 22:12:59 - Unknown:  preg_match(): Passing null to parameter #4 ($flags) of type int is deprecated no arquivo /var/www/html/system/library/template/Twig/Lexer.php na linha 203
08-09-2023 22:12:59 - Unknown:  preg_match(): Passing null to parameter #4 ($flags) of type int is deprecated no arquivo /var/www/html/system/library/template/Twig/Lexer.php na linha 226
08-09-2023 22:12:59 - Unknown:  preg_match(): Passing null to parameter #4 ($flags) of type int is deprecated no arquivo /var/www/html/system/library/template/Twig/Lexer.php na linha 235
08-09-2023 22:12:59 - Unknown:  preg_match(): Passing null to parameter #4 ($flags) of type int is deprecated no arquivo /var/www/html/system/library/template/Twig/Lexer.php na linha 240
08-09-2023 22:12:59 - Unknown:  preg_match(): Passing null to parameter #4 ($flags) of type int is deprecated no arquivo /var/www/html/system/library/template/Twig/Lexer.php na linha 245
08-09-2023 22:12:59 - Unknown:  preg_match(): Passing null to parameter #4 ($flags) of type int is deprecated no arquivo /var/www/html/system/library/template/Twig/Lexer.php na linha 275
08-09-2023 22:12:59 - Unknown:  preg_match(): Passing null to parameter #4 ($flags) of type int is deprecated no arquivo /var/www/html/system/library/template/Twig/Lexer.php na linha 203
08-09-2023 22:12:59 - Unknown:  preg_match(): Passing null to parameter #4 ($flags) of type int is deprecated no arquivo /var/www/html/system/library/template/Twig/Lexer.php na linha 214
08-09-2023 22:12:59 - Unknown:  preg_match(): Passing null to parameter #4 ($flags) of type int is deprecated no arquivo /var/www/html/system/library/template/Twig/Lexer.php na linha 226
08-09-2023 22:12:59 - Unknown:  preg_match(): Passing null to parameter #4 ($flags) of type int is deprecated no arquivo /var/www/html/system/library/template/Twig/Lexer.php na linha 235
08-09-2023 22:12:59 - Unknown:  preg_match(): Passing null to parameter #4 ($flags) of type int is deprecated no arquivo /var/www/html/system/library/template/Twig/Lexer.php na linha 240
08-09-2023 22:12:59 - Unknown:  preg_match(): Passing null to parameter #4 ($flags) of type int is deprecated no arquivo /var/www/html/system/library/template/Twig/Lexer.php na linha 214
08-09-2023 22:12:59 - Unknown:  preg_match(): Passing null to parameter #4 ($flags) of type int is deprecated no arquivo /var/www/html/system/library/template/Twig/Lexer.php na linha 179
08-09-2023 22:12:59 - Unknown:  preg_match(): Passing null to parameter #4 ($flags) of type int is deprecated no arquivo /var/www/html/system/library/template/Twig/Lexer.php na linha 183
08-09-2023 22:12:59 - Unknown:  preg_match(): Passing null to parameter #4 ($flags) of type int is deprecated no arquivo /var/www/html/system/library/template/Twig/Lexer.php na linha 203
08-09-2023 22:12:59 - Unknown:  preg_match(): Passing null to parameter #4 ($flags) of type int is deprecated no arquivo /var/www/html/system/library/template/Twig/Lexer.php na linha 226
08-09-2023 22:12:59 - Unknown:  preg_match(): Passing null to parameter #4 ($flags) of type int is deprecated no arquivo /var/www/html/system/library/template/Twig/Lexer.php na linha 235
08-09-2023 22:12:59 - Unknown:  preg_match(): Passing null to parameter #4 ($flags) of type int is deprecated no arquivo /var/www/html/system/library/template/Twig/Lexer.php na linha 240
08-09-2023 22:12:59 - Unknown:  preg_match(): Passing null to parameter #4 ($flags) of type int is deprecated no arquivo /var/www/html/system/library/template/Twig/Lexer.php na linha 203
08-09-2023 22:12:59 - Unknown:  preg_match(): Passing null to parameter #4 ($flags) of type int is deprecated no arquivo /var/www/html/system/library/template/Twig/Lexer.php na linha 214
08-09-2023 22:12:59 - Unknown:  preg_match(): Passing null to parameter #4 ($flags) of type int is deprecated no arquivo /var/www/html/system/library/template/Twig/Lexer.php na linha 226
08-09-2023 22:12:59 - Unknown:  preg_match(): Passing null to parameter #4 ($flags) of type int is deprecated no arquivo /var/www/html/system/library/template/Twig/Lexer.php na linha 235
08-09-2023 22:12:59 - Unknown:  preg_match(): Passing null to parameter #4 ($flags) of type int is deprecated no arquivo /var/www/html/system/library/template/Twig/Lexer.php na linha 240
08-09-2023 22:12:59 - Unknown:  preg_match(): Passing null to parameter #4 ($flags) of type int is deprecated no arquivo /var/www/html/system/library/template/Twig/Lexer.php na linha 214
08-09-2023 22:12:59 - Unknown:  preg_match(): Passing null to parameter #4 ($flags) of type int is deprecated no arquivo /var/www/html/system/library/template/Twig/Lexer.php na linha 179
08-09-2023 22:12:59 - Unknown:  preg_match(): Passing null to parameter #4 ($flags) of type int is deprecated no arquivo /var/www/html/system/library/template/Twig/Lexer.php na linha 183
08-09-2023 22:12:59 - Unknown:  preg_match(): Passing null to parameter #4 ($flags) of type int is deprecated no arquivo /var/www/html/system/library/template/Twig/Lexer.php na linha 203
08-09-2023 22:12:59 - Unknown:  preg_match(): Passing null to parameter #4 ($flags) of type int is deprecated no arquivo /var/www/html/system/library/template/Twig/Lexer.php na linha 226
08-09-2023 22:12:59 - Unknown:  preg_match(): Passing null to parameter #4 ($flags) of type int is deprecated no arquivo /var/www/html/system/library/template/Twig/Lexer.php na linha 235
08-09-2023 22:12:59 - Unknown:  preg_match(): Passing null to parameter #4 ($flags) of type int is deprecated no arquivo /var/www/html/system/library/template/Twig/Lexer.php na linha 240
08-09-2023 22:12:59 - Unknown:  preg_match(): Passing null to parameter #4 ($flags) of type int is deprecated no arquivo /var/www/html/system/library/template/Twig/Lexer.php na linha 203
08-09-2023 22:12:59 - Unknown:  preg_match(): Passing null to parameter #4 ($flags) of type int is deprecated no arquivo /var/www/html/system/library/template/Twig/Lexer.php na linha 179
08-09-2023 22:12:59 - Unknown:  preg_match(): Passing null to parameter #4 ($flags) of type int is deprecated no arquivo /var/www/html/system/library/template/Twig/Lexer.php na linha 183
08-09-2023 22:12:59 - Unknown:  preg_match(): Passing null to parameter #4 ($flags) of type int is deprecated no arquivo /var/www/html/system/library/template/Twig/Lexer.php na linha 203
08-09-2023 22:12:59 - Unknown:  preg_match(): Passing null to parameter #4 ($flags) of type int is deprecated no arquivo /var/www/html/system/library/template/Twig/Lexer.php na linha 226
08-09-2023 22:12:59 - Unknown:  preg_match(): Passing null to parameter #4 ($flags) of type int is deprecated no arquivo /var/www/html/system/library/template/Twig/Lexer.php na linha 235
08-09-2023 22:12:59 - Unknown:  preg_match(): Passing null to parameter #4 ($flags) of type int is deprecated no arquivo /var/www/html/system/library/template/Twig/Lexer.php na linha 240
08-09-2023 22:12:59 - Unknown:  preg_match(): Passing null to parameter #4 ($flags) of type int is deprecated no arquivo /var/www/html/system/library/template/Twig/Lexer.php na linha 203
08-09-2023 22:12:59 - Unknown:  preg_match(): Passing null to parameter #4 ($flags) of type int is deprecated no arquivo /var/www/html/system/library/template/Twig/Lexer.php na linha 226
08-09-2023 22:12:59 - Unknown:  preg_match(): Passing null to parameter #4 ($flags) of type int is deprecated no arquivo /var/www/html/system/library/template/Twig/Lexer.php na linha 235
08-09-2023 22:12:59 - Unknown:  preg_match(): Passing null to parameter #4 ($flags) of type int is deprecated no arquivo /var/www/html/system/library/template/Twig/Lexer.php na linha 240
08-09-2023 22:12:59 - Unknown:  preg_match(): Passing null to parameter #4 ($flags) of type int is deprecated no arquivo /var/www/html/system/library/template/Twig/Lexer.php na linha 203
08-09-2023 22:12:59 - Unknown:  preg_match(): Passing null to parameter #4 ($flags) of type int is deprecated no arquivo /var/www/html/system/library/template/Twig/Lexer.php na linha 226
08-09-2023 22:12:59 - Unknown:  preg_match(): Passing null to parameter #4 ($flags) of type int is deprecated no arquivo /var/www/html/system/library/template/Twig/Lexer.php na linha 235
08-09-2023 22:12:59 - Unknown:  preg_match(): Passing null to parameter #4 ($flags) of type int is deprecated no arquivo /var/www/html/system/library/template/Twig/Lexer.php na linha 203
08-09-2023 22:12:59 - Unknown:  preg_match(): Passing null to parameter #4 ($flags) of type int is deprecated no arquivo /var/www/html/system/library/template/Twig/Lexer.php na linha 226
08-09-2023 22:12:59 - Unknown:  preg_match(): Passing null to parameter #4 ($flags) of type int is deprecated no arquivo /var/www/html/system/library/template/Twig/Lexer.php na linha 235
08-09-2023 22:12:59 - Unknown:  preg_match(): Passing null to parameter #4 ($flags) of type int is deprecated no arquivo /var/www/html/system/library/template/Twig/Lexer.php na linha 240
08-09-2023 22:12:59 - Unknown:  preg_match(): Passing null to parameter #4 ($flags) of type int is deprecated no arquivo /var/www/html/system/library/template/Twig/Lexer.php na linha 245
08-09-2023 22:12:59 - Unknown:  preg_match(): Passing null to parameter #4 ($flags) of type int is deprecated no arquivo /var/www/html/system/library/template/Twig/Lexer.php na linha 275
08-09-2023 22:12:59 - Unknown:  preg_match(): Passing null to parameter #4 ($flags) of type int is deprecated no arquivo /var/www/html/system/library/template/Twig/Lexer.php na linha 203
08-09-2023 22:12:59 - Unknown:  preg_match(): Passing null to parameter #4 ($flags) of type int is deprecated no arquivo /var/www/html/system/library/template/Twig/Lexer.php na linha 214
08-09-2023 22:12:59 - Unknown:  preg_match(): Passing null to parameter #4 ($flags) of type int is deprecated no arquivo /var/www/html/system/library/template/Twig/Lexer.php na linha 226
08-09-2023 22:12:59 - Unknown:  preg_match(): Passing null to parameter #4 ($flags) of type int is deprecated no arquivo /var/www/html/system/library/template/Twig/Lexer.php na linha 235
08-09-2023 22:12:59 - Unknown:  preg_match(): Passing null to parameter #4 ($flags) of type int is deprecated no arquivo /var/www/html/system/library/template/Twig/Lexer.php na linha 240
08-09-2023 22:12:59 - Unknown:  preg_match(): Passing null to parameter #4 ($flags) of type int is deprecated no arquivo /var/www/html/system/library/template/Twig/Lexer.php na linha 214
08-09-2023 22:12:59 - Unknown:  preg_match(): Passing null to parameter #4 ($flags) of type int is deprecated no arquivo /var/www/html/system/library/template/Twig/Lexer.php na linha 179
08-09-2023 22:12:59 - Unknown:  preg_match(): Passing null to parameter #4 ($flags) of type int is deprecated no arquivo /var/www/html/system/library/template/Twig/Lexer.php na linha 183
08-09-2023 22:12:59 - Unknown:  preg_match(): Passing null to parameter #4 ($flags) of type int is deprecated no arquivo /var/www/html/system/library/template/Twig/Lexer.php na linha 203
08-09-2023 22:12:59 - Unknown:  preg_match(): Passing null to parameter #4 ($flags) of type int is deprecated no arquivo /var/www/html/system/library/template/Twig/Lexer.php na linha 226
08-09-2023 22:12:59 - Unknown:  preg_match(): Passing null to parameter #4 ($flags) of type int is deprecated no arquivo /var/www/html/system/library/template/Twig/Lexer.php na linha 235
08-09-2023 22:12:59 - Unknown:  preg_match(): Passing null to parameter #4 ($flags) of type int is deprecated no arquivo /var/www/html/system/library/template/Twig/Lexer.php na linha 240
08-09-2023 22:12:59 - Unknown:  preg_match(): Passing null to parameter #4 ($flags) of type int is deprecated no arquivo /var/www/html/system/library/template/Twig/Lexer.php na linha 203
08-09-2023 22:12:59 - Unknown:  preg_match(): Passing null to parameter #4 ($flags) of type int is deprecated no arquivo /var/www/html/system/library/template/Twig/Lexer.php na linha 214
08-09-2023 22:12:59 - Unknown:  preg_match(): Passing null to parameter #4 ($flags) of type int is deprecated no arquivo /var/www/html/system/library/template/Twig/Lexer.php na linha 226
08-09-2023 22:12:59 - Unknown:  preg_match(): Passing null to parameter #4 ($flags) of type int is deprecated no arquivo /var/www/html/system/library/template/Twig/Lexer.php na linha 235
08-09-2023 22:12:59 - Unknown:  preg_match(): Passing null to parameter #4 ($flags) of type int is deprecated no arquivo /var/www/html/system/library/template/Twig/Lexer.php na linha 240
08-09-2023 22:12:59 - Unknown:  preg_match(): Passing null to parameter #4 ($flags) of type int is deprecated no arquivo /var/www/html/system/library/template/Twig/Lexer.php na linha 214
08-09-2023 22:12:59 - Unknown:  preg_match(): Passing null to parameter #4 ($flags) of type int is deprecated no arquivo /var/www/html/system/library/template/Twig/Lexer.php na linha 179
08-09-2023 22:12:59 - Unknown:  preg_match(): Passing null to parameter #4 ($flags) of type int is deprecated no arquivo /var/www/html/system/library/template/Twig/Lexer.php na linha 183
08-09-2023 22:12:59 - Unknown:  preg_match(): Passing null to parameter #4 ($flags) of type int is deprecated no arquivo /var/www/html/system/library/template/Twig/Lexer.php na linha 203
08-09-2023 22:12:59 - Unknown:  preg_match(): Passing null to parameter #4 ($flags) of type int is deprecated no arquivo /var/www/html/system/library/template/Twig/Lexer.php na linha 226
08-09-2023 22:12:59 - Unknown:  preg_match(): Passing null to parameter #4 ($flags) of type int is deprecated no arquivo /var/www/html/system/library/template/Twig/Lexer.php na linha 235
08-09-2023 22:12:59 - Unknown:  preg_match(): Passing null to parameter #4 ($flags) of type int is deprecated no arquivo /var/www/html/system/library/template/Twig/Lexer.php na linha 240
08-09-2023 22:12:59 - Unknown:  preg_match(): Passing null to parameter #4 ($flags) of type int is deprecated no arquivo /var/www/html/system/library/template/Twig/Lexer.php na linha 203
08-09-2023 22:12:59 - Unknown:  preg_match(): Passing null to parameter #4 ($flags) of type int is deprecated no arquivo /var/www/html/system/library/template/Twig/Lexer.php na linha 179
08-09-2023 22:12:59 - Unknown:  preg_match(): Passing null to parameter #4 ($flags) of type int is deprecated no arquivo /var/www/html/system/library/template/Twig/Lexer.php na linha 183
08-09-2023 22:12:59 - Unknown:  preg_match(): Passing null to parameter #4 ($flags) of type int is deprecated no arquivo /var/www/html/system/library/template/Twig/Lexer.php na linha 203
08-09-2023 22:12:59 - Unknown:  preg_match(): Passing null to parameter #4 ($flags) of type int is deprecated no arquivo /var/www/html/system/library/template/Twig/Lexer.php na linha 226
08-09-2023 22:12:59 - Unknown:  preg_match(): Passing null to parameter #4 ($flags) of type int is deprecated no arquivo /var/www/html/system/library/template/Twig/Lexer.php na linha 235
08-09-2023 22:12:59 - Unknown:  preg_match(): Passing null to parameter #4 ($flags) of type int is deprecated no arquivo /var/www/html/system/library/template/Twig/Lexer.php na linha 240
08-09-2023 22:12:59 - Unknown:  preg_match(): Passing null to parameter #4 ($flags) of type int is deprecated no arquivo /var/www/html/system/library/template/Twig/Lexer.php na linha 203
08-09-2023 22:12:59 - Unknown:  preg_match(): Passing null to parameter #4 ($flags) of type int is deprecated no arquivo /var/www/html/system/library/template/Twig/Lexer.php na linha 214
08-09-2023 22:12:59 - Unknown:  preg_match(): Passing null to parameter #4 ($flags) of type int is deprecated no arquivo /var/www/html/system/library/template/Twig/Lexer.php na linha 226
08-09-2023 22:12:59 - Unknown:  preg_match(): Passing null to parameter #4 ($flags) of type int is deprecated no arquivo /var/www/html/system/library/template/Twig/Lexer.php na linha 235
08-09-2023 22:12:59 - Unknown:  preg_match(): Passing null to parameter #4 ($flags) of type int is deprecated no arquivo /var/www/html/system/library/template/Twig/Lexer.php na linha 240
08-09-2023 22:12:59 - Unknown:  preg_match(): Passing null to parameter #4 ($flags) of type int is deprecated no arquivo /var/www/html/system/library/template/Twig/Lexer.php na linha 214
08-09-2023 22:12:59 - Unknown:  preg_match(): Passing null to parameter #4 ($flags) of type int is deprecated no arquivo /var/www/html/system/library/template/Twig/Lexer.php na linha 214
08-09-2023 22:12:59 - Unknown:  preg_match(): Passing null to parameter #4 ($flags) of type int is deprecated no arquivo /var/www/html/system/library/template/Twig/Lexer.php na linha 226
08-09-2023 22:12:59 - Unknown:  preg_match(): Passing null to parameter #4 ($flags) of type int is deprecated no arquivo /var/www/html/system/library/template/Twig/Lexer.php na linha 235
08-09-2023 22:12:59 - Unknown:  preg_match(): Passing null to parameter #4 ($flags) of type int is deprecated no arquivo /var/www/html/system/library/template/Twig/Lexer.php na linha 240
08-09-2023 22:12:59 - Unknown:  preg_match(): Passing null to parameter #4 ($flags) of type int is deprecated no arquivo /var/www/html/system/library/template/Twig/Lexer.php na linha 214
08-09-2023 22:12:59 - Unknown:  preg_match(): Passing null to parameter #4 ($flags) of type int is deprecated no arquivo /var/www/html/system/library/template/Twig/Lexer.php na linha 179
08-09-2023 22:12:59 - Unknown:  preg_match(): Passing null to parameter #4 ($flags) of type int is deprecated no arquivo /var/www/html/system/library/template/Twig/Lexer.php na linha 183
08-09-2023 22:12:59 - Unknown:  preg_match(): Passing null to parameter #4 ($flags) of type int is deprecated no arquivo /var/www/html/system/library/template/Twig/Lexer.php na linha 203
08-09-2023 22:12:59 - Unknown:  preg_match(): Passing null to parameter #4 ($flags) of type int is deprecated no arquivo /var/www/html/system/library/template/Twig/Lexer.php na linha 226
08-09-2023 22:12:59 - Unknown:  preg_match(): Passing null to parameter #4 ($flags) of type int is deprecated no arquivo /var/www/html/system/library/template/Twig/Lexer.php na linha 235
08-09-2023 22:12:59 - Unknown:  preg_match(): Passing null to parameter #4 ($flags) of type int is deprecated no arquivo /var/www/html/system/library/template/Twig/Lexer.php na linha 240
08-09-2023 22:12:59 - Unknown:  preg_match(): Passing null to parameter #4 ($flags) of type int is deprecated no arquivo /var/www/html/system/library/template/Twig/Lexer.php na linha 203
08-09-2023 22:12:59 - Unknown:  preg_match(): Passing null to parameter #4 ($flags) of type int is deprecated no arquivo /var/www/html/system/library/template/Twig/Lexer.php na linha 226
08-09-2023 22:12:59 - Unknown:  preg_match(): Passing null to parameter #4 ($flags) of type int is deprecated no arquivo /var/www/html/system/library/template/Twig/Lexer.php na linha 235
08-09-2023 22:12:59 - Unknown:  preg_match(): Passing null to parameter #4 ($flags) of type int is deprecated no arquivo /var/www/html/system/library/template/Twig/Lexer.php na linha 240
08-09-2023 22:12:59 - Unknown:  preg_match(): Passing null to parameter #4 ($flags) of type int is deprecated no arquivo /var/www/html/system/library/template/Twig/Lexer.php na linha 203
08-09-2023 22:12:59 - Unknown:  preg_match(): Passing null to parameter #4 ($flags) of type int is deprecated no arquivo /var/www/html/system/library/template/Twig/Lexer.php na linha 226
08-09-2023 22:12:59 - Unknown:  preg_match(): Passing null to parameter #4 ($flags) of type int is deprecated no arquivo /var/www/html/system/library/template/Twig/Lexer.php na linha 235
08-09-2023 22:12:59 - Unknown:  preg_match(): Passing null to parameter #4 ($flags) of type int is deprecated no arquivo /var/www/html/system/library/template/Twig/Lexer.php na linha 203
08-09-2023 22:12:59 - Unknown:  preg_match(): Passing null to parameter #4 ($flags) of type int is deprecated no arquivo /var/www/html/system/library/template/Twig/Lexer.php na linha 226
08-09-2023 22:12:59 - Unknown:  preg_match(): Passing null to parameter #4 ($flags) of type int is deprecated no arquivo /var/www/html/system/library/template/Twig/Lexer.php na linha 235
08-09-2023 22:12:59 - Unknown:  preg_match(): Passing null to parameter #4 ($flags) of type int is deprecated no arquivo /var/www/html/system/library/template/Twig/Lexer.php na linha 240
08-09-2023 22:12:59 - Unknown:  preg_match(): Passing null to parameter #4 ($flags) of type int is deprecated no arquivo /var/www/html/system/library/template/Twig/Lexer.php na linha 203
08-09-2023 22:12:59 - Unknown:  preg_match(): Passing null to parameter #4 ($flags) of type int is deprecated no arquivo /var/www/html/system/library/template/Twig/Lexer.php na linha 214
08-09-2023 22:12:59 - Unknown:  preg_match(): Passing null to parameter #4 ($flags) of type int is deprecated no arquivo /var/www/html/system/library/template/Twig/Lexer.php na linha 226
08-09-2023 22:12:59 - Unknown:  preg_match(): Passing null to parameter #4 ($flags) of type int is deprecated no arquivo /var/www/html/system/library/template/Twig/Lexer.php na linha 235
08-09-2023 22:12:59 - Unknown:  preg_match(): Passing null to parameter #4 ($flags) of type int is deprecated no arquivo /var/www/html/system/library/template/Twig/Lexer.php na linha 240
08-09-2023 22:12:59 - Unknown:  preg_match(): Passing null to parameter #4 ($flags) of type int is deprecated no arquivo /var/www/html/system/library/template/Twig/Lexer.php na linha 214
08-09-2023 22:12:59 - Unknown:  preg_match(): Passing null to parameter #4 ($flags) of type int is deprecated no arquivo /var/www/html/system/library/template/Twig/Lexer.php na linha 226
08-09-2023 22:12:59 - Unknown:  preg_match(): Passing null to parameter #4 ($flags) of type int is deprecated no arquivo /var/www/html/system/library/template/Twig/Lexer.php na linha 235
08-09-2023 22:12:59 - Unknown:  preg_match(): Passing null to parameter #4 ($flags) of type int is deprecated no arquivo /var/www/html/system/library/template/Twig/Lexer.php na linha 240
08-09-2023 22:12:59 - Unknown:  preg_match(): Passing null to parameter #4 ($flags) of type int is deprecated no arquivo /var/www/html/system/library/template/Twig/Lexer.php na linha 245
08-09-2023 22:12:59 - Unknown:  preg_match(): Passing null to parameter #4 ($flags) of type int is deprecated no arquivo /var/www/html/system/library/template/Twig/Lexer.php na linha 214
08-09-2023 22:12:59 - Unknown:  preg_match(): Passing null to parameter #4 ($flags) of type int is deprecated no arquivo /var/www/html/system/library/template/Twig/Lexer.php na linha 226
08-09-2023 22:12:59 - Unknown:  preg_match(): Passing null to parameter #4 ($flags) of type int is deprecated no arquivo /var/www/html/system/library/template/Twig/Lexer.php na linha 235
08-09-2023 22:12:59 - Unknown:  preg_match(): Passing null to parameter #4 ($flags) of type int is deprecated no arquivo /var/www/html/system/library/template/Twig/Lexer.php na linha 240
08-09-2023 22:12:59 - Unknown:  preg_match(): Passing null to parameter #4 ($flags) of type int is deprecated no arquivo /var/www/html/system/library/template/Twig/Lexer.php na linha 214
08-09-2023 22:12:59 - Unknown:  preg_match(): Passing null to parameter #4 ($flags) of type int is deprecated no arquivo /var/www/html/system/library/template/Twig/Lexer.php na linha 214
08-09-2023 22:12:59 - Unknown:  preg_match(): Passing null to parameter #4 ($flags) of type int is deprecated no arquivo /var/www/html/system/library/template/Twig/Lexer.php na linha 226
08-09-2023 22:12:59 - Unknown:  preg_match(): Passing null to parameter #4 ($flags) of type int is deprecated no arquivo /var/www/html/system/library/template/Twig/Lexer.php na linha 235
08-09-2023 22:12:59 - Unknown:  preg_match(): Passing null to parameter #4 ($flags) of type int is deprecated no arquivo /var/www/html/system/library/template/Twig/Lexer.php na linha 240
08-09-2023 22:12:59 - Unknown:  preg_match(): Passing null to parameter #4 ($flags) of type int is deprecated no arquivo /var/www/html/system/library/template/Twig/Lexer.php na linha 214
08-09-2023 22:12:59 - Unknown:  preg_match(): Passing null to parameter #4 ($flags) of type int is deprecated no arquivo /var/www/html/system/library/template/Twig/Lexer.php na linha 226
08-09-2023 22:12:59 - Unknown:  preg_match(): Passing null to parameter #4 ($flags) of type int is deprecated no arquivo /var/www/html/system/library/template/Twig/Lexer.php na linha 235
08-09-2023 22:12:59 - Unknown:  preg_match(): Passing null to parameter #4 ($flags) of type int is deprecated no arquivo /var/www/html/system/library/template/Twig/Lexer.php na linha 240
08-09-2023 22:12:59 - Unknown:  preg_match(): Passing null to parameter #4 ($flags) of type int is deprecated no arquivo /var/www/html/system/library/template/Twig/Lexer.php na linha 245
08-09-2023 22:12:59 - Unknown:  preg_match(): Passing null to parameter #4 ($flags) of type int is deprecated no arquivo /var/www/html/system/library/template/Twig/Lexer.php na linha 214
08-09-2023 22:12:59 - Unknown:  preg_match(): Passing null to parameter #4 ($flags) of type int is deprecated no arquivo /var/www/html/system/library/template/Twig/Lexer.php na linha 226
08-09-2023 22:12:59 - Unknown:  preg_match(): Passing null to parameter #4 ($flags) of type int is deprecated no arquivo /var/www/html/system/library/template/Twig/Lexer.php na linha 235
08-09-2023 22:12:59 - Unknown:  preg_match(): Passing null to parameter #4 ($flags) of type int is deprecated no arquivo /var/www/html/system/library/template/Twig/Lexer.php na linha 240
08-09-2023 22:12:59 - Unknown:  preg_match(): Passing null to parameter #4 ($flags) of type int is deprecated no arquivo /var/www/html/system/library/template/Twig/Lexer.php na linha 214
08-09-2023 22:12:59 - Unknown:  preg_match(): Passing null to parameter #4 ($flags) of type int is deprecated no arquivo /var/www/html/system/library/template/Twig/Lexer.php na linha 214
08-09-2023 22:12:59 - Unknown:  preg_match(): Passing null to parameter #4 ($flags) of type int is deprecated no arquivo /var/www/html/system/library/template/Twig/Lexer.php na linha 226
08-09-2023 22:12:59 - Unknown:  preg_match(): Passing null to parameter #4 ($flags) of type int is deprecated no arquivo /var/www/html/system/library/template/Twig/Lexer.php na linha 235
08-09-2023 22:12:59 - Unknown:  preg_match(): Passing null to parameter #4 ($flags) of type int is deprecated no arquivo /var/www/html/system/library/template/Twig/Lexer.php na linha 240
08-09-2023 22:12:59 - Unknown:  preg_match(): Passing null to parameter #4 ($flags) of type int is deprecated no arquivo /var/www/html/system/library/template/Twig/Lexer.php na linha 214
08-09-2023 22:12:59 - Unknown:  preg_match(): Passing null to parameter #4 ($flags) of type int is deprecated no arquivo /var/www/html/system/library/template/Twig/Lexer.php na linha 226
08-09-2023 22:12:59 - Unknown:  preg_match(): Passing null to parameter #4 ($flags) of type int is deprecated no arquivo /var/www/html/system/library/template/Twig/Lexer.php na linha 235
08-09-2023 22:12:59 - Unknown:  preg_match(): Passing null to parameter #4 ($flags) of type int is deprecated no arquivo /var/www/html/system/library/template/Twig/Lexer.php na linha 240
08-09-2023 22:12:59 - Unknown:  preg_match(): Passing null to parameter #4 ($flags) of type int is deprecated no arquivo /var/www/html/system/library/template/Twig/Lexer.php na linha 245
08-09-2023 22:12:59 - Unknown:  preg_match(): Passing null to parameter #4 ($flags) of type int is deprecated no arquivo /var/www/html/system/library/template/Twig/Lexer.php na linha 214
08-09-2023 22:12:59 - Unknown:  preg_match(): Passing null to parameter #4 ($flags) of type int is deprecated no arquivo /var/www/html/system/library/template/Twig/Lexer.php na linha 226
08-09-2023 22:12:59 - Unknown:  preg_match(): Passing null to parameter #4 ($flags) of type int is deprecated no arquivo /var/www/html/system/library/template/Twig/Lexer.php na linha 235
08-09-2023 22:12:59 - Unknown:  preg_match(): Passing null to parameter #4 ($flags) of type int is deprecated no arquivo /var/www/html/system/library/template/Twig/Lexer.php na linha 240
08-09-2023 22:12:59 - Unknown:  preg_match(): Passing null to parameter #4 ($flags) of type int is deprecated no arquivo /var/www/html/system/library/template/Twig/Lexer.php na linha 214
08-09-2023 22:12:59 - Unknown:  preg_match(): Passing null to parameter #4 ($flags) of type int is deprecated no arquivo /var/www/html/system/library/template/Twig/Lexer.php na linha 214
08-09-2023 22:12:59 - Unknown:  preg_match(): Passing null to parameter #4 ($flags) of type int is deprecated no arquivo /var/www/html/system/library/template/Twig/Lexer.php na linha 226
08-09-2023 22:12:59 - Unknown:  preg_match(): Passing null to parameter #4 ($flags) of type int is deprecated no arquivo /var/www/html/system/library/template/Twig/Lexer.php na linha 235
08-09-2023 22:12:59 - Unknown:  preg_match(): Passing null to parameter #4 ($flags) of type int is deprecated no arquivo /var/www/html/system/library/template/Twig/Lexer.php na linha 240
08-09-2023 22:12:59 - Unknown:  preg_match(): Passing null to parameter #4 ($flags) of type int is deprecated no arquivo /var/www/html/system/library/template/Twig/Lexer.php na linha 214
08-09-2023 22:12:59 - Unknown:  preg_match(): Passing null to parameter #4 ($flags) of type int is deprecated no arquivo /var/www/html/system/library/template/Twig/Lexer.php na linha 226
08-09-2023 22:12:59 - Unknown:  preg_match(): Passing null to parameter #4 ($flags) of type int is deprecated no arquivo /var/www/html/system/library/template/Twig/Lexer.php na linha 235
08-09-2023 22:12:59 - Unknown:  preg_match(): Passing null to parameter #4 ($flags) of type int is deprecated no arquivo /var/www/html/system/library/template/Twig/Lexer.php na linha 240
08-09-2023 22:12:59 - Unknown:  preg_match(): Passing null to parameter #4 ($flags) of type int is deprecated no arquivo /var/www/html/system/library/template/Twig/Lexer.php na linha 245
08-09-2023 22:12:59 - Unknown:  preg_match(): Passing null to parameter #4 ($flags) of type int is deprecated no arquivo /var/www/html/system/library/template/Twig/Lexer.php na linha 214
08-09-2023 22:12:59 - Unknown:  preg_match(): Passing null to parameter #4 ($flags) of type int is deprecated no arquivo /var/www/html/system/library/template/Twig/Lexer.php na linha 226
08-09-2023 22:12:59 - Unknown:  preg_match(): Passing null to parameter #4 ($flags) of type int is deprecated no arquivo /var/www/html/system/library/template/Twig/Lexer.php na linha 235
08-09-2023 22:12:59 - Unknown:  preg_match(): Passing null to parameter #4 ($flags) of type int is deprecated no arquivo /var/www/html/system/library/template/Twig/Lexer.php na linha 240
08-09-2023 22:12:59 - Unknown:  preg_match(): Passing null to parameter #4 ($flags) of type int is deprecated no arquivo /var/www/html/system/library/template/Twig/Lexer.php na linha 214
08-09-2023 22:12:59 - Unknown:  preg_match(): Passing null to parameter #4 ($flags) of type int is deprecated no arquivo /var/www/html/system/library/template/Twig/Lexer.php na linha 179
08-09-2023 22:12:59 - Unknown:  preg_match(): Passing null to parameter #4 ($flags) of type int is deprecated no arquivo /var/www/html/system/library/template/Twig/Lexer.php na linha 183
08-09-2023 22:12:59 - Unknown:  preg_match(): Passing null to parameter #4 ($flags) of type int is deprecated no arquivo /var/www/html/system/library/template/Twig/Lexer.php na linha 203
08-09-2023 22:12:59 - Unknown:  preg_match(): Passing null to parameter #4 ($flags) of type int is deprecated no arquivo /var/www/html/system/library/template/Twig/Lexer.php na linha 226
08-09-2023 22:12:59 - Unknown:  preg_match(): Passing null to parameter #4 ($flags) of type int is deprecated no arquivo /var/www/html/system/library/template/Twig/Lexer.php na linha 235
08-09-2023 22:12:59 - Unknown:  preg_match(): Passing null to parameter #4 ($flags) of type int is deprecated no arquivo /var/www/html/system/library/template/Twig/Lexer.php na linha 240
08-09-2023 22:12:59 - Unknown:  preg_match(): Passing null to parameter #4 ($flags) of type int is deprecated no arquivo /var/www/html/system/library/template/Twig/Lexer.php na linha 203
08-09-2023 22:12:59 - Unknown:  preg_match(): Passing null to parameter #4 ($flags) of type int is deprecated no arquivo /var/www/html/system/library/template/Twig/Lexer.php na linha 214
08-09-2023 22:12:59 - Unknown:  preg_match(): Passing null to parameter #4 ($flags) of type int is deprecated no arquivo /var/www/html/system/library/template/Twig/Lexer.php na linha 226
08-09-2023 22:12:59 - Unknown:  preg_match(): Passing null to parameter #4 ($flags) of type int is deprecated no arquivo /var/www/html/system/library/template/Twig/Lexer.php na linha 235
08-09-2023 22:12:59 - Unknown:  preg_match(): Passing null to parameter #4 ($flags) of type int is deprecated no arquivo /var/www/html/system/library/template/Twig/Lexer.php na linha 240
08-09-2023 22:12:59 - Unknown:  preg_match(): Passing null to parameter #4 ($flags) of type int is deprecated no arquivo /var/www/html/system/library/template/Twig/Lexer.php na linha 214
08-09-2023 22:12:59 - Warning:  chmod(): Operation not permitted no arquivo /var/www/html/system/library/template/Twig/Cache/Filesystem.php na linha 70
08-09-2023 22:12:59 - Unknown:  Using Twig_Autoloader is deprecated since version 1.21. Use Composer instead. no arquivo /var/www/html/system/library/template/Twig/Autoloader.php na linha 30
08-09-2023 22:12:59 - Unknown:  preg_match(): Passing null to parameter #4 ($flags) of type int is deprecated no arquivo /var/www/html/system/library/template/Twig/Lexer.php na linha 214
08-09-2023 22:12:59 - Unknown:  preg_match(): Passing null to parameter #4 ($flags) of type int is deprecated no arquivo /var/www/html/system/library/template/Twig/Lexer.php na linha 226
08-09-2023 22:12:59 - Unknown:  preg_match(): Passing null to parameter #4 ($flags) of type int is deprecated no arquivo /var/www/html/system/library/template/Twig/Lexer.php na linha 235
08-09-2023 22:12:59 - Unknown:  preg_match(): Passing null to parameter #4 ($flags) of type int is deprecated no arquivo /var/www/html/system/library/template/Twig/Lexer.php na linha 240
08-09-2023 22:12:59 - Unknown:  preg_match(): Passing null to parameter #4 ($flags) of type int is deprecated no arquivo /var/www/html/system/library/template/Twig/Lexer.php na linha 214
08-09-2023 22:12:59 - Unknown:  preg_match(): Passing null to parameter #4 ($flags) of type int is deprecated no arquivo /var/www/html/system/library/template/Twig/Lexer.php na linha 214
08-09-2023 22:12:59 - Unknown:  preg_match(): Passing null to parameter #4 ($flags) of type int is deprecated no arquivo /var/www/html/system/library/template/Twig/Lexer.php na linha 226
08-09-2023 22:12:59 - Unknown:  preg_match(): Passing null to parameter #4 ($flags) of type int is deprecated no arquivo /var/www/html/system/library/template/Twig/Lexer.php na linha 235
08-09-2023 22:12:59 - Unknown:  preg_match(): Passing null to parameter #4 ($flags) of type int is deprecated no arquivo /var/www/html/system/library/template/Twig/Lexer.php na linha 240
08-09-2023 22:12:59 - Unknown:  preg_match(): Passing null to parameter #4 ($flags) of type int is deprecated no arquivo /var/www/html/system/library/template/Twig/Lexer.php na linha 214
08-09-2023 22:12:59 - Unknown:  preg_match(): Passing null to parameter #4 ($flags) of type int is deprecated no arquivo /var/www/html/system/library/template/Twig/Lexer.php na linha 214
08-09-2023 22:12:59 - Unknown:  preg_match(): Passing null to parameter #4 ($flags) of type int is deprecated no arquivo /var/www/html/system/library/template/Twig/Lexer.php na linha 226
08-09-2023 22:12:59 - Unknown:  preg_match(): Passing null to parameter #4 ($flags) of type int is deprecated no arquivo /var/www/html/system/library/template/Twig/Lexer.php na linha 235
08-09-2023 22:12:59 - Unknown:  preg_match(): Passing null to parameter #4 ($flags) of type int is deprecated no arquivo /var/www/html/system/library/template/Twig/Lexer.php na linha 240
08-09-2023 22:12:59 - Unknown:  preg_match(): Passing null to parameter #4 ($flags) of type int is deprecated no arquivo /var/www/html/system/library/template/Twig/Lexer.php na linha 214
08-09-2023 22:12:59 - Unknown:  preg_match(): Passing null to parameter #4 ($flags) of type int is deprecated no arquivo /var/www/html/system/library/template/Twig/Lexer.php na linha 214
08-09-2023 22:12:59 - Unknown:  preg_match(): Passing null to parameter #4 ($flags) of type int is deprecated no arquivo /var/www/html/system/library/template/Twig/Lexer.php na linha 226
08-09-2023 22:12:59 - Unknown:  preg_match(): Passing null to parameter #4 ($flags) of type int is deprecated no arquivo /var/www/html/system/library/template/Twig/Lexer.php na linha 235
08-09-2023 22:12:59 - Unknown:  preg_match(): Passing null to parameter #4 ($flags) of type int is deprecated no arquivo /var/www/html/system/library/template/Twig/Lexer.php na linha 240
08-09-2023 22:12:59 - Unknown:  preg_match(): Passing null to parameter #4 ($flags) of type int is deprecated no arquivo /var/www/html/system/library/template/Twig/Lexer.php na linha 214
08-09-2023 22:12:59 - Unknown:  preg_match(): Passing null to parameter #4 ($flags) of type int is deprecated no arquivo /var/www/html/system/library/template/Twig/Lexer.php na linha 214
08-09-2023 22:12:59 - Unknown:  preg_match(): Passing null to parameter #4 ($flags) of type int is deprecated no arquivo /var/www/html/system/library/template/Twig/Lexer.php na linha 226
08-09-2023 22:12:59 - Unknown:  preg_match(): Passing null to parameter #4 ($flags) of type int is deprecated no arquivo /var/www/html/system/library/template/Twig/Lexer.php na linha 235
08-09-2023 22:12:59 - Unknown:  preg_match(): Passing null to parameter #4 ($flags) of type int is deprecated no arquivo /var/www/html/system/library/template/Twig/Lexer.php na linha 240
08-09-2023 22:12:59 - Unknown:  preg_match(): Passing null to parameter #4 ($flags) of type int is deprecated no arquivo /var/www/html/system/library/template/Twig/Lexer.php na linha 214
08-09-2023 22:12:59 - Unknown:  preg_match(): Passing null to parameter #4 ($flags) of type int is deprecated no arquivo /var/www/html/system/library/template/Twig/Lexer.php na linha 214
08-09-2023 22:12:59 - Unknown:  preg_match(): Passing null to parameter #4 ($flags) of type int is deprecated no arquivo /var/www/html/system/library/template/Twig/Lexer.php na linha 226
08-09-2023 22:12:59 - Unknown:  preg_match(): Passing null to parameter #4 ($flags) of type int is deprecated no arquivo /var/www/html/system/library/template/Twig/Lexer.php na linha 235
08-09-2023 22:12:59 - Unknown:  preg_match(): Passing null to parameter #4 ($flags) of type int is deprecated no arquivo /var/www/html/system/library/template/Twig/Lexer.php na linha 240
08-09-2023 22:12:59 - Unknown:  preg_match(): Passing null to parameter #4 ($flags) of type int is deprecated no arquivo /var/www/html/system/library/template/Twig/Lexer.php na linha 214
08-09-2023 22:12:59 - Unknown:  preg_match(): Passing null to parameter #4 ($flags) of type int is deprecated no arquivo /var/www/html/system/library/template/Twig/Lexer.php na linha 214
08-09-2023 22:12:59 - Unknown:  preg_match(): Passing null to parameter #4 ($flags) of type int is deprecated no arquivo /var/www/html/system/library/template/Twig/Lexer.php na linha 226
08-09-2023 22:12:59 - Unknown:  preg_match(): Passing null to parameter #4 ($flags) of type int is deprecated no arquivo /var/www/html/system/library/template/Twig/Lexer.php na linha 235
08-09-2023 22:12:59 - Unknown:  preg_match(): Passing null to parameter #4 ($flags) of type int is deprecated no arquivo /var/www/html/system/library/template/Twig/Lexer.php na linha 240
08-09-2023 22:12:59 - Unknown:  preg_match(): Passing null to parameter #4 ($flags) of type int is deprecated no arquivo /var/www/html/system/library/template/Twig/Lexer.php na linha 214
08-09-2023 22:12:59 - Unknown:  preg_match(): Passing null to parameter #4 ($flags) of type int is deprecated no arquivo /var/www/html/system/library/template/Twig/Lexer.php na linha 214
08-09-2023 22:12:59 - Unknown:  preg_match(): Passing null to parameter #4 ($flags) of type int is deprecated no arquivo /var/www/html/system/library/template/Twig/Lexer.php na linha 226
08-09-2023 22:12:59 - Unknown:  preg_match(): Passing null to parameter #4 ($flags) of type int is deprecated no arquivo /var/www/html/system/library/template/Twig/Lexer.php na linha 235
08-09-2023 22:12:59 - Unknown:  preg_match(): Passing null to parameter #4 ($flags) of type int is deprecated no arquivo /var/www/html/system/library/template/Twig/Lexer.php na linha 240
08-09-2023 22:12:59 - Unknown:  preg_match(): Passing null to parameter #4 ($flags) of type int is deprecated no arquivo /var/www/html/system/library/template/Twig/Lexer.php na linha 214
08-09-2023 22:12:59 - Warning:  chmod(): Operation not permitted no arquivo /var/www/html/system/library/template/Twig/Cache/Filesystem.php na linha 70
